#-----------------------------------------------------------
# Vivado v2019.1 (64-bit)
# SW Build 2552052 on Fri May 24 14:49:42 MDT 2019
# IP Build 2548770 on Fri May 24 18:01:18 MDT 2019
# Start of session at: Mon Dec 22 15:42:01 2025
# Process ID: 5604
# Current directory: C:/Users/sa/Desktop/Aes_en
# Command line: vivado.exe -gui_launcher_event rodinguilauncherevent8900 C:\Users\sa\Desktop\Aes_en\Aes_en.xpr
# Log file: C:/Users/sa/Desktop/Aes_en/vivado.log
# Journal file: C:/Users/sa/Desktop/Aes_en\vivado.jou
#-----------------------------------------------------------
start_gui
open_project C:/Users/sa/Desktop/Aes_en/Aes_en.xpr
Scanning sources...
Finished scanning sources
INFO: [IP_Flow 19-234] Refreshing IP repositories
INFO: [IP_Flow 19-1704] No user IP repositories specified
INFO: [IP_Flow 19-2313] Loaded Vivado IP repository 'C:/Xilinx/Vivado/2019.1/data/ip'.
open_project: Time (s): cpu = 00:00:27 ; elapsed = 00:00:12 . Memory (MB): peak = 817.625 ; gain = 173.469
update_compile_order -fileset sources_1
create_fileset -simset cache_TestBeanch
set_property SOURCE_SET sources_1 [get_filesets cache_TestBeanch]
file mkdir C:/Users/sa/Desktop/Aes_en/Aes_en.srcs/cache_TestBeanch/new
close [ open C:/Users/sa/Desktop/Aes_en/Aes_en.srcs/cache_TestBeanch/new/SecureCache_tb.vhd w ]
add_files -fileset cache_TestBeanch C:/Users/sa/Desktop/Aes_en/Aes_en.srcs/cache_TestBeanch/new/SecureCache_tb.vhd
update_compile_order -fileset cache_TestBeanch
update_compile_order -fileset cache_TestBeanch
WARNING: [filemgmt 56-199] Attempt to get parsing info during refresh. "On-the-fly" syntax checking information may be incorrect. [C:/Users/sa/Desktop/Aes_en/Aes_en.srcs/sources_1/new/cache.vhd:]
WARNING: [filemgmt 56-199] Attempt to get parsing info during refresh. "On-the-fly" syntax checking information may be incorrect. [C:/Users/sa/Desktop/Aes_en/Aes_en.srcs/sim_1/new/test.vhd:]
WARNING: [filemgmt 56-199] Attempt to get parsing info during refresh. "On-the-fly" syntax checking information may be incorrect. [C:/Users/sa/Desktop/Aes_en/Aes_en.srcs/sim_2/new/tb_Aes_decoder.vhd:]
WARNING: [filemgmt 56-199] Attempt to get parsing info during refresh. "On-the-fly" syntax checking information may be incorrect. [C:/Users/sa/Desktop/Aes_en/Aes_en.srcs/cache_TestBeanch/new/SecureCache_tb.vhd:]
WARNING: [filemgmt 56-199] Attempt to get parsing info during refresh. "On-the-fly" syntax checking information may be incorrect. [C:/Users/sa/Desktop/Aes_en/Aes_en.srcs/sources_1/new/cache.vhd:]
WARNING: [filemgmt 56-199] Attempt to get parsing info during refresh. "On-the-fly" syntax checking information may be incorrect. [C:/Users/sa/Desktop/Aes_en/Aes_en.srcs/sim_1/new/test.vhd:]
WARNING: [filemgmt 56-199] Attempt to get parsing info during refresh. "On-the-fly" syntax checking information may be incorrect. [C:/Users/sa/Desktop/Aes_en/Aes_en.srcs/sim_2/new/tb_Aes_decoder.vhd:]
WARNING: [filemgmt 56-199] Attempt to get parsing info during refresh. "On-the-fly" syntax checking information may be incorrect. [C:/Users/sa/Desktop/Aes_en/Aes_en.srcs/cache_TestBeanch/new/SecureCache_tb.vhd:]
ERROR: [Vivado 12-106] *** Exception: java.util.ConcurrentModificationException (See C:/Users/sa/Desktop/Aes_en/vivado_pid5604.debug)
WARNING: [filemgmt 56-199] Attempt to get parsing info during refresh. "On-the-fly" syntax checking information may be incorrect. [C:/Users/sa/Desktop/Aes_en/Aes_en.srcs/sources_1/new/cache.vhd:]
WARNING: [filemgmt 56-199] Attempt to get parsing info during refresh. "On-the-fly" syntax checking information may be incorrect. [C:/Users/sa/Desktop/Aes_en/Aes_en.srcs/sim_1/new/test.vhd:]
WARNING: [filemgmt 56-199] Attempt to get parsing info during refresh. "On-the-fly" syntax checking information may be incorrect. [C:/Users/sa/Desktop/Aes_en/Aes_en.srcs/sim_2/new/tb_Aes_decoder.vhd:]
WARNING: [filemgmt 56-199] Attempt to get parsing info during refresh. "On-the-fly" syntax checking information may be incorrect. [C:/Users/sa/Desktop/Aes_en/Aes_en.srcs/cache_TestBeanch/new/SecureCache_tb.vhd:]
ERROR: [Common 17-180] Spawn failed: No error
current_fileset -simset [ get_filesets cache_TestBeanch ]
launch_simulation -simset [get_filesets cache_TestBeanch ]
INFO: [Vivado 12-5682] Launching behavioral simulation in 'C:/Users/sa/Desktop/Aes_en/Aes_en.sim/cache_TestBeanch/behav/xsim'
INFO: [SIM-utils-51] Simulation object is 'cache_TestBeanch'
INFO: [SIM-utils-54] Inspecting design source files for 'SecureCache_tb' in fileset 'cache_TestBeanch'...
INFO: [USF-XSim-97] Finding global include files...
INFO: [USF-XSim-98] Fetching design files from 'cache_TestBeanch'...
INFO: [USF-XSim-2] XSim::Compile design
INFO: [USF-XSim-61] Executing 'COMPILE and ANALYZE' step in 'C:/Users/sa/Desktop/Aes_en/Aes_en.sim/cache_TestBeanch/behav/xsim'
"xvhdl --incr --relax -prj SecureCache_tb_vhdl.prj"
INFO: [VRFC 10-163] Analyzing VHDL file "C:/Users/sa/Desktop/Aes_en/Aes_en.srcs/sources_1/new/addroundkey.vhd" into library xil_defaultlib
INFO: [VRFC 10-3107] analyzing entity 'addroundkey'
INFO: [VRFC 10-163] Analyzing VHDL file "C:/Users/sa/Desktop/Aes_en/Aes_en.srcs/sources_1/new/shiftrows.vhd" into library xil_defaultlib
INFO: [VRFC 10-3107] analyzing entity 'shiftrows'
INFO: [VRFC 10-163] Analyzing VHDL file "C:/Users/sa/Desktop/Aes_en/Aes_en.srcs/sources_1/new/aes_sbox_pkg.vhd" into library xil_defaultlib
INFO: [VRFC 10-163] Analyzing VHDL file "C:/Users/sa/Desktop/Aes_en/Aes_en.srcs/sources_1/new/inv_subbytes.vhd" into library xil_defaultlib
INFO: [VRFC 10-3107] analyzing entity 'inv_subbytes'
INFO: [VRFC 10-163] Analyzing VHDL file "C:/Users/sa/Desktop/Aes_en/Aes_en.srcs/sources_1/new/inv_mixcolumns.vhd" into library xil_defaultlib
INFO: [VRFC 10-3107] analyzing entity 'inv_mixcolumns'
INFO: [VRFC 10-163] Analyzing VHDL file "C:/Users/sa/Desktop/Aes_en/Aes_en.srcs/sources_1/new/Aes_decoder.vhd" into library xil_defaultlib
INFO: [VRFC 10-3107] analyzing entity 'Aes_decoder'
INFO: [VRFC 10-163] Analyzing VHDL file "C:/Users/sa/Desktop/Aes_en/Aes_en.srcs/sources_1/new/subbytes.vhd" into library xil_defaultlib
INFO: [VRFC 10-3107] analyzing entity 'subbytes'
INFO: [VRFC 10-163] Analyzing VHDL file "C:/Users/sa/Desktop/Aes_en/Aes_en.srcs/sources_1/new/mixcolumns.vhd" into library xil_defaultlib
INFO: [VRFC 10-3107] analyzing entity 'mixcolumns'
INFO: [VRFC 10-163] Analyzing VHDL file "C:/Users/sa/Desktop/Aes_en/Aes_en.srcs/sources_1/new/Aes_encoder.vhd" into library xil_defaultlib
INFO: [VRFC 10-3107] analyzing entity 'Aes_encoder'
INFO: [VRFC 10-163] Analyzing VHDL file "C:/Users/sa/Desktop/Aes_en/Aes_en.srcs/sources_1/new/cache.vhd" into library xil_defaultlib
INFO: [VRFC 10-3107] analyzing entity 'SecureCache'
INFO: [VRFC 10-163] Analyzing VHDL file "C:/Users/sa/Desktop/Aes_en/Aes_en.srcs/cache_TestBeanch/new/SecureCache_tb.vhd" into library xil_defaultlib
INFO: [VRFC 10-3107] analyzing entity 'SecureCache_tb'
INFO: [USF-XSim-69] 'compile' step finished in '3' seconds
INFO: [USF-XSim-3] XSim::Elaborate design
INFO: [USF-XSim-61] Executing 'ELABORATE' step in 'C:/Users/sa/Desktop/Aes_en/Aes_en.sim/cache_TestBeanch/behav/xsim'
"xelab -wto dec6bd0d201245d8bf3072079d0820d2 --incr --debug typical --relax --mt 2 -L xil_defaultlib -L secureip --snapshot SecureCache_tb_behav xil_defaultlib.SecureCache_tb -log elaborate.log"
Vivado Simulator 2019.1
Copyright 1986-1999, 2001-2019 Xilinx, Inc. All Rights Reserved.
Running: C:/Xilinx/Vivado/2019.1/bin/unwrapped/win64.o/xelab.exe -wto dec6bd0d201245d8bf3072079d0820d2 --incr --debug typical --relax --mt 2 -L xil_defaultlib -L secureip --snapshot SecureCache_tb_behav xil_defaultlib.SecureCache_tb -log elaborate.log 
Using 2 slave threads.
Starting static elaboration
Completed static elaboration
Starting simulation data flow analysis
Completed simulation data flow analysis
Time Resolution for simulation is 1ps
Compiling package std.standard
Compiling package std.textio
Compiling package ieee.std_logic_1164
Compiling package ieee.numeric_std
Compiling package xil_defaultlib.aes_sbox_pkg
Compiling architecture rtl of entity xil_defaultlib.subbytes [subbytes_default]
Compiling architecture rtl of entity xil_defaultlib.shiftrows [shiftrows_default]
Compiling architecture rtl of entity xil_defaultlib.mixcolumns [mixcolumns_default]
Compiling architecture rtl of entity xil_defaultlib.addroundkey [addroundkey_default]
Compiling architecture behavioral of entity xil_defaultlib.Aes_encoder [aes_encoder_default]
Compiling architecture rtl of entity xil_defaultlib.inv_subbytes [inv_subbytes_default]
Compiling architecture rtl of entity xil_defaultlib.inv_mixcolumns [inv_mixcolumns_default]
Compiling architecture behavioral of entity xil_defaultlib.Aes_decoder [aes_decoder_default]
Compiling architecture behavioral of entity xil_defaultlib.SecureCache [securecache_default]
Compiling architecture tb of entity xil_defaultlib.securecache_tb
Built simulation snapshot SecureCache_tb_behav

****** Webtalk v2019.1 (64-bit)
  **** SW Build 2552052 on Fri May 24 14:49:42 MDT 2019
  **** IP Build 2548770 on Fri May 24 18:01:18 MDT 2019
    ** Copyright 1986-2019 Xilinx, Inc. All Rights Reserved.

source C:/Users/sa/Desktop/Aes_en/Aes_en.sim/cache_TestBeanch/behav/xsim/xsim.dir/SecureCache_tb_behav/webtalk/xsim_webtalk.tcl -notrace
INFO: [Common 17-206] Exiting Webtalk at Mon Dec 22 15:48:36 2025...
run_program: Time (s): cpu = 00:00:00 ; elapsed = 00:00:06 . Memory (MB): peak = 910.719 ; gain = 0.000
INFO: [USF-XSim-69] 'elaborate' step finished in '6' seconds
INFO: [USF-XSim-4] XSim::Simulate design
INFO: [USF-XSim-61] Executing 'SIMULATE' step in 'C:/Users/sa/Desktop/Aes_en/Aes_en.sim/cache_TestBeanch/behav/xsim'
INFO: [USF-XSim-98] *** Running xsim
   with args "SecureCache_tb_behav -key {Behavioral:cache_TestBeanch:Functional:SecureCache_tb} -tclbatch {SecureCache_tb.tcl} -log {simulate.log}"
INFO: [USF-XSim-8] Loading simulator feature
Vivado Simulator 2019.1
Time resolution is 1 ps
source SecureCache_tb.tcl
# set curr_wave [current_wave_config]
# if { [string length $curr_wave] == 0 } {
#   if { [llength [get_objects]] > 0} {
#     add_wave /
#     set_property needs_save false [current_wave_config]
#   } else {
#      send_msg_id Add_Wave-1 WARNING "No top level signals found. Simulator will start without a wave window. If you want to open a wave window go to 'File->New Waveform Configuration' or type 'create_wave_config' in the TCL console."
#   }
# }
# run 1000ns
INFO: [USF-XSim-96] XSim completed. Design snapshot 'SecureCache_tb_behav' loaded.
INFO: [USF-XSim-97] XSim simulation ran for 1000ns
launch_simulation: Time (s): cpu = 00:00:11 ; elapsed = 00:00:14 . Memory (MB): peak = 911.758 ; gain = 1.039
close_sim
INFO: [Simtcl 6-16] Simulation closed
close_sim: Time (s): cpu = 00:00:05 ; elapsed = 00:00:06 . Memory (MB): peak = 915.039 ; gain = 3.281
export_ip_user_files -of_objects  [get_files C:/Users/sa/Desktop/Aes_en/Aes_en.srcs/sim_1/new/test.vhd] -no_script -reset -force -quiet
remove_files  -fileset sim_1 C:/Users/sa/Desktop/Aes_en/Aes_en.srcs/sim_1/new/test.vhd
file delete -force C:/Users/sa/Desktop/Aes_en/Aes_en.srcs/sim_1/new/test.vhd
update_compile_order -fileset sim_1
update_compile_order -fileset sim_1
current_fileset -simset [ get_filesets sim_1 ]
set_property top tb_Aes_encoder [get_filesets sim_1]
set_property top_lib xil_defaultlib [get_filesets sim_1]
update_compile_order -fileset sim_1
launch_simulation
INFO: [Vivado 12-5682] Launching behavioral simulation in 'C:/Users/sa/Desktop/Aes_en/Aes_en.sim/sim_1/behav/xsim'
INFO: [SIM-utils-51] Simulation object is 'sim_1'
INFO: [SIM-utils-54] Inspecting design source files for 'tb_Aes_encoder' in fileset 'sim_1'...
INFO: [USF-XSim-97] Finding global include files...
INFO: [USF-XSim-98] Fetching design files from 'sim_1'...
INFO: [USF-XSim-2] XSim::Compile design
INFO: [USF-XSim-61] Executing 'COMPILE and ANALYZE' step in 'C:/Users/sa/Desktop/Aes_en/Aes_en.sim/sim_1/behav/xsim'
"xvhdl --incr --relax -prj tb_Aes_encoder_vhdl.prj"
INFO: [USF-XSim-69] 'compile' step finished in '2' seconds
INFO: [USF-XSim-3] XSim::Elaborate design
INFO: [USF-XSim-61] Executing 'ELABORATE' step in 'C:/Users/sa/Desktop/Aes_en/Aes_en.sim/sim_1/behav/xsim'
"xelab -wto dec6bd0d201245d8bf3072079d0820d2 --incr --debug typical --relax --mt 2 -L xil_defaultlib -L secureip --snapshot tb_Aes_encoder_behav xil_defaultlib.tb_Aes_encoder -log elaborate.log"
Vivado Simulator 2019.1
Copyright 1986-1999, 2001-2019 Xilinx, Inc. All Rights Reserved.
Running: C:/Xilinx/Vivado/2019.1/bin/unwrapped/win64.o/xelab.exe -wto dec6bd0d201245d8bf3072079d0820d2 --incr --debug typical --relax --mt 2 -L xil_defaultlib -L secureip --snapshot tb_Aes_encoder_behav xil_defaultlib.tb_Aes_encoder -log elaborate.log 
Using 2 slave threads.
Starting static elaboration
Completed static elaboration
INFO: [XSIM 43-4323] No Change in HDL. Linking previously generated obj files to create kernel
INFO: [USF-XSim-69] 'elaborate' step finished in '2' seconds
INFO: [USF-XSim-4] XSim::Simulate design
INFO: [USF-XSim-61] Executing 'SIMULATE' step in 'C:/Users/sa/Desktop/Aes_en/Aes_en.sim/sim_1/behav/xsim'
INFO: [USF-XSim-98] *** Running xsim
   with args "tb_Aes_encoder_behav -key {Behavioral:sim_1:Functional:tb_Aes_encoder} -tclbatch {tb_Aes_encoder.tcl} -log {simulate.log}"
INFO: [USF-XSim-8] Loading simulator feature
Vivado Simulator 2019.1
Time resolution is 1 ps
source tb_Aes_encoder.tcl
# set curr_wave [current_wave_config]
# if { [string length $curr_wave] == 0 } {
#   if { [llength [get_objects]] > 0} {
#     add_wave /
#     set_property needs_save false [current_wave_config]
#   } else {
#      send_msg_id Add_Wave-1 WARNING "No top level signals found. Simulator will start without a wave window. If you want to open a wave window go to 'File->New Waveform Configuration' or type 'create_wave_config' in the TCL console."
#   }
# }
# run 1000ns
INFO: [USF-XSim-96] XSim completed. Design snapshot 'tb_Aes_encoder_behav' loaded.
INFO: [USF-XSim-97] XSim simulation ran for 1000ns
launch_simulation: Time (s): cpu = 00:00:05 ; elapsed = 00:00:07 . Memory (MB): peak = 915.039 ; gain = 0.000
close_sim
INFO: [Simtcl 6-16] Simulation closed
current_fileset -simset [ get_filesets sim_2 ]
launch_simulation -simset [get_filesets sim_2 ]
INFO: [Vivado 12-5682] Launching behavioral simulation in 'C:/Users/sa/Desktop/Aes_en/Aes_en.sim/sim_2/behav/xsim'
INFO: [SIM-utils-51] Simulation object is 'sim_2'
INFO: [SIM-utils-54] Inspecting design source files for 'tb_Aes_decoder' in fileset 'sim_2'...
INFO: [USF-XSim-97] Finding global include files...
INFO: [USF-XSim-98] Fetching design files from 'sim_2'...
INFO: [USF-XSim-2] XSim::Compile design
INFO: [USF-XSim-61] Executing 'COMPILE and ANALYZE' step in 'C:/Users/sa/Desktop/Aes_en/Aes_en.sim/sim_2/behav/xsim'
"xvhdl --incr --relax -prj tb_Aes_decoder_vhdl.prj"
INFO: [USF-XSim-69] 'compile' step finished in '2' seconds
INFO: [USF-XSim-3] XSim::Elaborate design
INFO: [USF-XSim-61] Executing 'ELABORATE' step in 'C:/Users/sa/Desktop/Aes_en/Aes_en.sim/sim_2/behav/xsim'
"xelab -wto dec6bd0d201245d8bf3072079d0820d2 --incr --debug typical --relax --mt 2 -L xil_defaultlib -L secureip --snapshot tb_Aes_decoder_behav xil_defaultlib.tb_Aes_decoder -log elaborate.log"
Vivado Simulator 2019.1
Copyright 1986-1999, 2001-2019 Xilinx, Inc. All Rights Reserved.
Running: C:/Xilinx/Vivado/2019.1/bin/unwrapped/win64.o/xelab.exe -wto dec6bd0d201245d8bf3072079d0820d2 --incr --debug typical --relax --mt 2 -L xil_defaultlib -L secureip --snapshot tb_Aes_decoder_behav xil_defaultlib.tb_Aes_decoder -log elaborate.log 
Using 2 slave threads.
Starting static elaboration
Completed static elaboration
INFO: [XSIM 43-4323] No Change in HDL. Linking previously generated obj files to create kernel
INFO: [USF-XSim-69] 'elaborate' step finished in '2' seconds
INFO: [USF-XSim-4] XSim::Simulate design
INFO: [USF-XSim-61] Executing 'SIMULATE' step in 'C:/Users/sa/Desktop/Aes_en/Aes_en.sim/sim_2/behav/xsim'
INFO: [USF-XSim-98] *** Running xsim
   with args "tb_Aes_decoder_behav -key {Behavioral:sim_2:Functional:tb_Aes_decoder} -tclbatch {tb_Aes_decoder.tcl} -log {simulate.log}"
INFO: [USF-XSim-8] Loading simulator feature
Vivado Simulator 2019.1
Time resolution is 1 ps
source tb_Aes_decoder.tcl
# set curr_wave [current_wave_config]
# if { [string length $curr_wave] == 0 } {
#   if { [llength [get_objects]] > 0} {
#     add_wave /
#     set_property needs_save false [current_wave_config]
#   } else {
#      send_msg_id Add_Wave-1 WARNING "No top level signals found. Simulator will start without a wave window. If you want to open a wave window go to 'File->New Waveform Configuration' or type 'create_wave_config' in the TCL console."
#   }
# }
# run 1000ns
INFO: [USF-XSim-96] XSim completed. Design snapshot 'tb_Aes_decoder_behav' loaded.
INFO: [USF-XSim-97] XSim simulation ran for 1000ns
launch_simulation: Time (s): cpu = 00:00:06 ; elapsed = 00:00:08 . Memory (MB): peak = 915.039 ; gain = 0.000
close_sim
INFO: [Simtcl 6-16] Simulation closed
close_sim: Time (s): cpu = 00:00:04 ; elapsed = 00:00:06 . Memory (MB): peak = 915.039 ; gain = 0.000
current_fileset -simset [ get_filesets cache_TestBeanch ]
exit
INFO: [Common 17-206] Exiting Vivado at Mon Dec 22 15:54:55 2025...
